<?xml version="1.0" encoding="UTF-8"?>
<!-- Generated by org.testng.reporters.JUnitReportReporter -->
<testsuite hostname="DESKTOP-E115GFV" failures="0" tests="1" name="com.qa.testbase.TestBase" time="32.738" errors="0" timestamp="2022-09-28T20:34:55 IST" skipped="0">
  <testcase classname="com.qa.testbase.TestBase" name="setUp" time="32.738"/>
  <system-out/>
</testsuite> <!-- com.qa.testbase.TestBase -->
